<?xml version="1.0" encoding="UTF-8"?>
<!-- Generated by org.testng.reporters.JUnitXMLReporter -->
<testsuite ignored="7" hostname="DESKTOP-CGKPDK3" failures="0" tests="5" name="Test" time="20.452" errors="0" timestamp="19 Jul 2023 06:54:46 GMT">
  <testcase classname="walletHub_Test.TestInsurance_Test" name="clickOnStar" time="3.178"/>
  <testcase classname="walletHub_Test.Submit_Test" name="clickOnStar5" time="0.176"/>
  <testcase classname="walletHub_Test.Submit_Test" name="dropDown" time="0.278"/>
  <testcase classname="walletHub_Test.Submit_Test" name="review" time="0.704"/>
  <testcase classname="walletHub_Test.Login_Test" name="login" time="16.05"/>
  <testcase classname="walletHub_Test.Signup_Test" name="Signup" time="0.0">
    <ignored/>
  </testcase> <!-- Signup -->
  <testcase classname="walletHub_Test.Base_Test" name="@BeforeSuite initBrowser" time="0.0">
    <ignored/>
  </testcase> <!-- @BeforeSuite initBrowser -->
  <testcase classname="walletHub_Test.Base_Test" name="@BeforeSuite initBrowser" time="0.0">
    <ignored/>
  </testcase> <!-- @BeforeSuite initBrowser -->
  <testcase classname="walletHub_Test.Base_Test" name="@BeforeSuite initBrowser" time="0.0">
    <ignored/>
  </testcase> <!-- @BeforeSuite initBrowser -->
  <testcase classname="walletHub_Test.Base_Test" name="@AfterSuite tearDown" time="0.0">
    <ignored/>
  </testcase> <!-- @AfterSuite tearDown -->
  <testcase classname="walletHub_Test.Base_Test" name="@AfterSuite tearDown" time="0.0">
    <ignored/>
  </testcase> <!-- @AfterSuite tearDown -->
  <testcase classname="walletHub_Test.Base_Test" name="@AfterSuite tearDown" time="0.0">
    <ignored/>
  </testcase> <!-- @AfterSuite tearDown -->
</testsuite> <!-- Test -->
